c:\users\user\documents\gameprogramingcpp\ysengine\debug\vc143.pdb
c:\users\user\documents\gameprogramingcpp\ysengine\debug\vc143.idb
c:\users\user\documents\gameprogramingcpp\ysengine\debug\vertexarray.obj
c:\users\user\documents\gameprogramingcpp\ysengine\debug\spritecomponent.obj
c:\users\user\documents\gameprogramingcpp\ysengine\debug\ship.obj
c:\users\user\documents\gameprogramingcpp\ysengine\debug\random.obj
c:\users\user\documents\gameprogramingcpp\ysengine\debug\physicscomponent.obj
c:\users\user\documents\gameprogramingcpp\ysengine\debug\movecomponent.obj
c:\users\user\documents\gameprogramingcpp\ysengine\debug\math.obj
c:\users\user\documents\gameprogramingcpp\ysengine\debug\main.obj
c:\users\user\documents\gameprogramingcpp\ysengine\debug\laser.obj
c:\users\user\documents\gameprogramingcpp\ysengine\debug\inputcomponent.obj
c:\users\user\documents\gameprogramingcpp\ysengine\debug\game.obj
c:\users\user\documents\gameprogramingcpp\ysengine\debug\component.obj
c:\users\user\documents\gameprogramingcpp\ysengine\debug\circlecomponent.obj
c:\users\user\documents\gameprogramingcpp\ysengine\debug\asteroid.obj
c:\users\user\documents\gameprogramingcpp\ysengine\debug\actor.obj
c:\users\lg\documents\gameprogramingcpp\ysengine\debug\vc143.pdb
c:\users\lg\documents\gameprogramingcpp\ysengine\debug\vc143.idb
c:\users\lg\documents\gameprogramingcpp\ysengine\debug\vertexarray.obj
c:\users\lg\documents\gameprogramingcpp\ysengine\debug\spritecomponent.obj
c:\users\lg\documents\gameprogramingcpp\ysengine\debug\ship.obj
c:\users\lg\documents\gameprogramingcpp\ysengine\debug\random.obj
c:\users\lg\documents\gameprogramingcpp\ysengine\debug\physicscomponent.obj
c:\users\lg\documents\gameprogramingcpp\ysengine\debug\movecomponent.obj
c:\users\lg\documents\gameprogramingcpp\ysengine\debug\math.obj
c:\users\lg\documents\gameprogramingcpp\ysengine\debug\main.obj
c:\users\lg\documents\gameprogramingcpp\ysengine\debug\laser.obj
c:\users\lg\documents\gameprogramingcpp\ysengine\debug\inputcomponent.obj
c:\users\lg\documents\gameprogramingcpp\ysengine\debug\game.obj
c:\users\lg\documents\gameprogramingcpp\ysengine\debug\component.obj
c:\users\lg\documents\gameprogramingcpp\ysengine\debug\circlecomponent.obj
c:\users\lg\documents\gameprogramingcpp\ysengine\debug\asteroid.obj
c:\users\lg\documents\gameprogramingcpp\ysengine\debug\actor.obj
c:\users\user\documents\gameprogramingcpp\debug\ysengine.exe
c:\users\user\documents\gameprogramingcpp\debug\ysengine.pdb
c:\users\lg\documents\gameprogramingcpp\ysengine\debug\ysengine.ilk
c:\users\lg\documents\gameprogramingcpp\debug\ysengine.exe
c:\users\lg\documents\gameprogramingcpp\debug\ysengine.pdb
c:\users\lg\documents\gameprogramingcpp\ysengine\debug\ysengine.tlog\cl.command.1.tlog
c:\users\lg\documents\gameprogramingcpp\ysengine\debug\ysengine.tlog\cl.items.tlog
c:\users\lg\documents\gameprogramingcpp\ysengine\debug\ysengine.tlog\cl.read.1.tlog
c:\users\lg\documents\gameprogramingcpp\ysengine\debug\ysengine.tlog\cl.write.1.tlog
c:\users\lg\documents\gameprogramingcpp\ysengine\debug\ysengine.tlog\link.command.1.tlog
c:\users\lg\documents\gameprogramingcpp\ysengine\debug\ysengine.tlog\link.read.1.tlog
c:\users\lg\documents\gameprogramingcpp\ysengine\debug\ysengine.tlog\link.secondary.1.tlog
c:\users\lg\documents\gameprogramingcpp\ysengine\debug\ysengine.tlog\link.write.1.tlog
