c:\users\user\source\repos\ysengine\ysengine\x64\debug\vc143.pdb
c:\users\user\source\repos\ysengine\ysengine\x64\debug\vc143.idb
c:\users\user\source\repos\ysengine\ysengine\x64\debug\spritecomponent.obj
c:\users\user\source\repos\ysengine\ysengine\x64\debug\ship.obj
c:\users\user\source\repos\ysengine\ysengine\x64\debug\random.obj
c:\users\user\source\repos\ysengine\ysengine\x64\debug\physicscomponent.obj
c:\users\user\source\repos\ysengine\ysengine\x64\debug\movecomponent.obj
c:\users\user\source\repos\ysengine\ysengine\x64\debug\math.obj
c:\users\user\source\repos\ysengine\ysengine\x64\debug\main.obj
c:\users\user\source\repos\ysengine\ysengine\x64\debug\laser.obj
c:\users\user\source\repos\ysengine\ysengine\x64\debug\inputcomponent.obj
c:\users\user\source\repos\ysengine\ysengine\x64\debug\game.obj
c:\users\user\source\repos\ysengine\ysengine\x64\debug\component.obj
c:\users\user\source\repos\ysengine\ysengine\x64\debug\circlecomponent.obj
c:\users\user\source\repos\ysengine\ysengine\x64\debug\asteroid.obj
c:\users\user\source\repos\ysengine\ysengine\x64\debug\actor.obj
c:\users\user\source\repos\ysengine\x64\debug\ysengine.pdb
c:\users\user\source\repos\ysengine\ysengine\x64\debug\ysengine.tlog\cl.command.1.tlog
c:\users\user\source\repos\ysengine\ysengine\x64\debug\ysengine.tlog\cl.read.1.tlog
c:\users\user\source\repos\ysengine\ysengine\x64\debug\ysengine.tlog\cl.write.1.tlog
c:\users\user\source\repos\ysengine\ysengine\x64\debug\ysengine.tlog\link-cvtres.read.1.tlog
c:\users\user\source\repos\ysengine\ysengine\x64\debug\ysengine.tlog\link-cvtres.write.1.tlog
c:\users\user\source\repos\ysengine\ysengine\x64\debug\ysengine.tlog\link-rc.read.1.tlog
c:\users\user\source\repos\ysengine\ysengine\x64\debug\ysengine.tlog\link-rc.write.1.tlog
c:\users\user\source\repos\ysengine\ysengine\x64\debug\ysengine.tlog\link.command.1.tlog
c:\users\user\source\repos\ysengine\ysengine\x64\debug\ysengine.tlog\link.read.1.tlog
c:\users\user\source\repos\ysengine\ysengine\x64\debug\ysengine.tlog\link.read.2.tlog
c:\users\user\source\repos\ysengine\ysengine\x64\debug\ysengine.tlog\link.read.3.tlog
c:\users\user\source\repos\ysengine\ysengine\x64\debug\ysengine.tlog\link.read.4.tlog
c:\users\user\source\repos\ysengine\ysengine\x64\debug\ysengine.tlog\link.write.1.tlog
